Determining if the pthread_create exist failed with the following output:
Change Dir: /home/ubuntu/Repository/enow-api/build/CMakeFiles/CMakeTmp

Run Build Command:"/usr/bin/make" "cmTC_08821/fast"
/usr/bin/make -f CMakeFiles/cmTC_08821.dir/build.make CMakeFiles/cmTC_08821.dir/build
make[1]: Entering directory '/home/ubuntu/Repository/enow-api/build/CMakeFiles/CMakeTmp'
Building C object CMakeFiles/cmTC_08821.dir/CheckSymbolExists.c.o
/usr/bin/cc     -o CMakeFiles/cmTC_08821.dir/CheckSymbolExists.c.o   -c /home/ubuntu/Repository/enow-api/build/CMakeFiles/CMakeTmp/CheckSymbolExists.c
Linking C executable cmTC_08821
/usr/bin/cmake -E cmake_link_script CMakeFiles/cmTC_08821.dir/link.txt --verbose=1
/usr/bin/cc       CMakeFiles/cmTC_08821.dir/CheckSymbolExists.c.o  -o cmTC_08821 -rdynamic 
CMakeFiles/cmTC_08821.dir/CheckSymbolExists.c.o: In function `main':
CheckSymbolExists.c:(.text+0xe): undefined reference to `pthread_create'
CheckSymbolExists.c:(.text+0x12): undefined reference to `pthread_create'
collect2: error: ld returned 1 exit status
CMakeFiles/cmTC_08821.dir/build.make:97: recipe for target 'cmTC_08821' failed
make[1]: *** [cmTC_08821] Error 1
make[1]: Leaving directory '/home/ubuntu/Repository/enow-api/build/CMakeFiles/CMakeTmp'
Makefile:126: recipe for target 'cmTC_08821/fast' failed
make: *** [cmTC_08821/fast] Error 2

File /home/ubuntu/Repository/enow-api/build/CMakeFiles/CMakeTmp/CheckSymbolExists.c:
/* */
#include <pthread.h>

int main(int argc, char** argv)
{
  (void)argv;
#ifndef pthread_create
  return ((int*)(&pthread_create))[argc];
#else
  (void)argc;
  return 0;
#endif
}

Determining if the function pthread_create exists in the pthreads failed with the following output:
Change Dir: /home/ubuntu/Repository/enow-api/build/CMakeFiles/CMakeTmp

Run Build Command:"/usr/bin/make" "cmTC_a566a/fast"
/usr/bin/make -f CMakeFiles/cmTC_a566a.dir/build.make CMakeFiles/cmTC_a566a.dir/build
make[1]: Entering directory '/home/ubuntu/Repository/enow-api/build/CMakeFiles/CMakeTmp'
Building C object CMakeFiles/cmTC_a566a.dir/CheckFunctionExists.c.o
/usr/bin/cc    -DCHECK_FUNCTION_EXISTS=pthread_create   -o CMakeFiles/cmTC_a566a.dir/CheckFunctionExists.c.o   -c /usr/share/cmake-3.5/Modules/CheckFunctionExists.c
Linking C executable cmTC_a566a
/usr/bin/cmake -E cmake_link_script CMakeFiles/cmTC_a566a.dir/link.txt --verbose=1
/usr/bin/cc   -DCHECK_FUNCTION_EXISTS=pthread_create    CMakeFiles/cmTC_a566a.dir/CheckFunctionExists.c.o  -o cmTC_a566a -rdynamic -lpthreads 
/usr/bin/ld: cannot find -lpthreads
collect2: error: ld returned 1 exit status
CMakeFiles/cmTC_a566a.dir/build.make:97: recipe for target 'cmTC_a566a' failed
make[1]: *** [cmTC_a566a] Error 1
make[1]: Leaving directory '/home/ubuntu/Repository/enow-api/build/CMakeFiles/CMakeTmp'
Makefile:126: recipe for target 'cmTC_a566a/fast' failed
make: *** [cmTC_a566a/fast] Error 2


